2024-04-28 16:50:50,107 INFO run:24 Application starts up...
2024-04-28 16:58:37,395 INFO app.routes.player_routes:41 	 A new player #[662ec68d1f8378bf0295eb30] created.
2024-04-28 16:58:37,486 INFO app.routes.player_routes:41 	 A new player #[662ec68d1f8378bf0295eb31] created.
2024-04-28 16:58:37,582 INFO app.routes.player_routes:41 	 A new player #[662ec68d1f8378bf0295eb32] created.
2024-04-28 16:58:37,687 INFO app.routes.player_routes:41 	 A new player #[662ec68d1f8378bf0295eb33] created.
2024-04-28 16:58:37,899 INFO app.routes.team_routes:42 	 A new team #[662ec68d1f8378bf0295eb34] created.
2024-04-28 16:59:41,572 INFO run:24 Application starts up...
2024-04-28 17:26:59,957 INFO run:24 Application starts up...
2024-04-28 17:27:40,955 INFO app.routes.team_routes:21 viewing 6 team
2024-04-28 17:27:46,332 INFO app.routes.team_routes:40 Viewing team #662bdddba6ab85aa2b221e7f details.
2024-04-28 17:27:49,841 INFO app.routes.team_routes:27 viewing team #662bdddba6ab85aa2b221e7f details.
2024-04-28 17:28:35,249 INFO run:24 Application starts up...
2024-04-28 17:28:45,330 INFO app.routes.team_routes:27 viewing team #662bdddba6ab85aa2b221e7f details.
2024-04-28 17:28:48,573 INFO app.routes.team_routes:40 Viewing team #662bdddba6ab85aa2b221e7f details.
2024-04-28 17:29:21,864 INFO run:24 Application starts up...
2024-04-28 18:14:46,024 INFO run:24 Application starts up...
2024-04-28 18:15:14,733 INFO run:24 Application starts up...
2024-04-28 18:15:22,542 INFO app.routes.team_routes:27 viewing team #662bdddba6ab85aa2b221e7f details.
2024-04-28 18:15:22,589 INFO app.routes.team_routes:40 Exporting team #662bdddba6ab85aa2b221e7f details as CSV.
2024-04-28 18:15:37,422 INFO app.routes.team_routes:27 viewing team #662bdddba6ab85aa2b221e7f details.
2024-04-28 18:15:37,461 INFO app.routes.team_routes:40 Exporting team #662bdddba6ab85aa2b221e7f details as CSV.
2024-04-28 18:15:48,715 INFO app.routes.team_routes:27 viewing team #662bdddba6ab85aa2b221e7f details.
2024-04-28 18:15:52,171 INFO app.routes.team_routes:27 viewing team #662bdddba6ab85aa2b221e7f details.
2024-04-28 18:15:52,214 INFO app.routes.team_routes:40 Exporting team #662bdddba6ab85aa2b221e7f details as CSV.
2024-04-28 18:16:30,783 INFO app.routes.team_routes:27 viewing team #662bdddba6ab85aa2b221e7f details.
2024-04-28 18:16:41,872 INFO app.routes.team_routes:27 viewing team #662bdddba6ab85aa2b221e7f details.
2024-04-28 18:17:12,469 INFO app.routes.team_routes:27 viewing team #662bdddba6ab85aa2b221e7f details.
2024-04-28 18:17:12,504 INFO app.routes.team_routes:40 Exporting team #662bdddba6ab85aa2b221e7f details as CSV.
2024-04-28 18:19:23,101 INFO run:24 Application starts up...
2024-04-28 18:19:27,329 INFO app.routes.team_routes:28 viewing team #662bdddba6ab85aa2b221e7f details.
2024-04-28 18:19:27,381 INFO app.routes.team_routes:41 Exporting team #662bdddba6ab85aa2b221e7f details as CSV.
2024-04-28 18:20:11,956 INFO run:24 Application starts up...
2024-04-28 18:20:18,902 INFO app.routes.team_routes:28 viewing team #662bdddba6ab85aa2b221e7f details.
2024-04-28 18:20:19,034 INFO app.routes.team_routes:41 Exporting team #662bdddba6ab85aa2b221e7f details as CSV.
2024-04-28 18:26:58,056 INFO run:24 Application starts up...
2024-04-28 18:32:13,240 INFO run:24 Application starts up...
2024-04-28 18:51:36,397 INFO app.routes.users:39 User [python-web-dev@cs.uiowa.edu] is signing in the system.
2024-04-28 18:51:36,996 WARN app.routes.users:48 	 User [python-web-dev@cs.uiowa.edu] signed in
2024-04-28 18:52:35,790 INFO run:24 Application starts up...
2024-04-28 18:52:41,116 INFO app.routes.users:39 User [python-web-dev@cs.uiowa.edu] is signing in the system.
2024-04-28 18:52:41,479 WARN app.routes.users:48 	 User [python-web-dev@cs.uiowa.edu] signed in
2024-04-28 18:54:49,875 INFO run:24 Application starts up...
2024-04-28 18:57:51,025 INFO app.routes.team_routes:71 User [python-web-dev@cs.uiowa.edu] is creating an team.
2024-04-28 18:57:51,076 INFO app.routes.player_routes:41 	 A new player #[662ee27fc6533bb325e2ff39] created.
2024-04-28 18:57:51,364 INFO app.routes.player_routes:41 	 A new player #[662ee27fc6533bb325e2ff3a] created.
2024-04-28 18:57:51,396 INFO app.routes.player_routes:41 	 A new player #[662ee27fc6533bb325e2ff3b] created.
2024-04-28 18:57:51,679 INFO app.routes.player_routes:41 	 A new player #[662ee27fc6533bb325e2ff3c] created.
2024-04-28 18:57:51,760 INFO app.routes.team_routes:75 	 A new team #[662ee27fc6533bb325e2ff3d] created.
2024-04-28 18:58:01,569 INFO app.routes.team_routes:71 User [python-web-dev@cs.uiowa.edu] is creating an team.
2024-04-28 18:58:01,601 INFO app.routes.player_routes:41 	 A new player #[662ee289c6533bb325e2ff3e] created.
2024-04-28 18:58:01,885 INFO app.routes.player_routes:41 	 A new player #[662ee289c6533bb325e2ff3f] created.
2024-04-28 18:58:01,915 INFO app.routes.player_routes:41 	 A new player #[662ee289c6533bb325e2ff40] created.
2024-04-28 18:58:02,102 INFO app.routes.player_routes:41 	 A new player #[662ee289c6533bb325e2ff41] created.
2024-04-28 18:58:02,308 INFO app.routes.team_routes:75 	 A new team #[662ee28ac6533bb325e2ff42] created.
2024-04-28 19:01:17,092 INFO app.routes.users:39 User [python-web-dev@cs.uiowa.edu] is signing in the system.
2024-04-28 19:01:17,453 WARN app.routes.users:48 	 User [python-web-dev@cs.uiowa.edu] signed in
2024-04-28 19:01:18,668 INFO app.routes.users:39 User [python-web-dev@cs.uiowa.edu] is signing in the system.
2024-04-28 19:01:19,045 WARN app.routes.users:48 	 User [python-web-dev@cs.uiowa.edu] signed in
2024-04-28 19:01:20,365 INFO app.routes.users:39 User [python-web-dev@cs.uiowa.edu] is signing in the system.
2024-04-28 19:01:20,948 WARN app.routes.users:48 	 User [python-web-dev@cs.uiowa.edu] signed in
2024-04-28 19:01:51,493 INFO app.routes.users:39 User [python-web-dev@cs.uiowa.edu] is signing in the system.
2024-04-28 19:01:51,808 WARN app.routes.users:48 	 User [python-web-dev@cs.uiowa.edu] signed in
2024-04-28 21:19:11,996 INFO run:24 Application starts up...
2024-04-28 21:19:26,574 INFO routes.team_routes:22 viewing 8 team
2024-04-28 21:35:03,735 INFO run:24 Application starts up...
2024-04-28 21:47:03,531 INFO routes.team_routes:22 viewing 0 team
2024-04-28 21:47:39,810 INFO routes.team_routes:22 viewing 0 team
2024-04-28 21:47:42,898 INFO routes.team_routes:22 viewing 0 team
2024-04-28 21:47:43,075 INFO routes.team_routes:22 viewing 0 team
2024-04-28 21:48:32,388 INFO routes.team_routes:22 viewing 0 team
2024-04-28 21:49:29,273 INFO routes.team_routes:22 viewing 0 team
2024-04-28 21:49:31,064 INFO routes.team_routes:22 viewing 0 team
2024-04-28 21:49:31,179 INFO routes.team_routes:22 viewing 0 team
2024-04-28 21:49:44,587 INFO run:24 Application starts up...
2024-04-28 21:51:14,555 INFO run:24 Application starts up...
2024-04-28 21:51:16,900 INFO routes.game_routes:18 viewing 0 games
2024-04-28 21:51:23,508 INFO routes.game_routes:18 viewing 0 games
2024-04-28 21:51:34,999 INFO run:24 Application starts up...
2024-04-28 21:51:39,270 INFO routes.team_routes:22 viewing 8 team
2024-04-29 17:07:43,926 INFO run:24 Application starts up...
2024-04-29 17:08:47,534 INFO run:24 Application starts up...
2024-04-29 17:20:51,089 INFO run:24 Application starts up...
2024-04-29 17:34:59,068 INFO run:24 Application starts up...
2024-04-29 17:36:55,740 INFO run:24 Application starts up...
2024-04-29 17:37:04,136 INFO routes.team_routes:22 viewing 8 team
2024-04-29 17:37:14,050 INFO routes.team_routes:22 viewing 8 team
2024-04-29 17:37:15,643 INFO routes.game_routes:18 viewing 0 games
2024-04-29 17:37:17,223 INFO routes.game_routes:18 viewing 0 games
2024-04-29 17:37:17,695 INFO routes.game_routes:18 viewing 0 games
2024-04-29 17:37:18,325 INFO routes.game_routes:18 viewing 0 games
2024-04-29 17:37:18,634 INFO routes.game_routes:18 viewing 0 games
2024-04-29 17:37:23,997 INFO routes.team_routes:22 viewing 8 team
2024-04-29 17:37:32,079 INFO routes.team_routes:28 viewing team #662bdddba6ab85aa2b221e7f details.
2024-04-29 17:37:34,836 INFO routes.team_routes:22 viewing 8 team
2024-04-29 17:38:25,590 INFO routes.team_routes:22 viewing 8 team
2024-04-29 17:38:28,581 INFO routes.team_routes:22 viewing 8 team
2024-04-29 17:42:45,346 INFO run:24 Application starts up...
2024-04-29 17:43:57,028 INFO run:24 Application starts up...
2024-04-29 17:44:01,215 INFO run:24 Application starts up...
2024-04-29 17:46:18,566 INFO run:24 Application starts up...
2024-04-29 17:46:44,541 INFO run:24 Application starts up...
2024-04-29 17:47:26,388 INFO run:24 Application starts up...
2024-04-29 17:57:09,027 INFO routes.game_routes:18 viewing 0 games
2024-04-29 18:01:44,024 INFO run:24 Application starts up...
2024-04-29 18:02:41,051 INFO routes.game_routes:18 viewing 0 games
2024-04-29 18:02:42,138 INFO routes.game_routes:18 viewing 0 games
2024-04-29 18:02:45,680 INFO routes.team_routes:22 viewing 8 team
2024-04-29 18:11:19,858 INFO run:24 Application starts up...
2024-04-29 18:16:09,016 INFO run:24 Application starts up...
2024-04-29 18:16:16,768 INFO run:24 Application starts up...
2024-04-29 18:16:38,495 INFO run:24 Application starts up...
2024-04-29 18:16:54,961 INFO run:24 Application starts up...
2024-04-29 18:29:25,354 INFO run:24 Application starts up...
2024-04-29 18:29:58,346 INFO routes.team_routes:22 viewing 8 team
2024-04-29 18:31:30,323 INFO run:24 Application starts up...
2024-04-29 18:32:12,762 INFO run:24 Application starts up...
2024-04-29 18:33:25,662 INFO run:24 Application starts up...
2024-04-29 18:35:37,072 INFO run:24 Application starts up...
2024-04-29 18:35:44,839 INFO routes.users:21 User [asdf@gmail.com] is signing up.
2024-04-29 18:35:45,192 INFO routes.users:33 	 User [asdf@gmail.com] is created.
2024-04-29 18:36:25,830 INFO run:24 Application starts up...
2024-04-29 18:37:04,495 INFO routes.users:21 User [samantha@gmail.com] is signing up.
2024-04-29 18:37:04,829 INFO routes.users:33 	 User [samantha@gmail.com] is created.
2024-04-29 18:37:11,817 INFO routes.users:39 User [samantha@gmail.com] is signing in the system.
2024-04-29 18:37:12,083 WARN routes.users:48 	 User [samantha@gmail.com] signed in
2024-04-29 18:37:15,991 INFO routes.team_routes:22 viewing 8 team
2024-04-29 18:37:17,343 INFO routes.team_routes:28 viewing team #662bdddba6ab85aa2b221e7f details.
2024-04-29 18:37:18,931 INFO routes.team_routes:22 viewing 8 team
2024-04-29 18:39:26,303 INFO routes.team_routes:28 viewing team #662bdddba6ab85aa2b221e7f details.
2024-04-29 18:40:38,199 INFO routes.team_routes:22 viewing 8 team
2024-04-29 18:40:40,146 INFO routes.team_routes:28 viewing team #662bdddba6ab85aa2b221e7f details.
2024-04-29 18:40:41,022 INFO routes.team_routes:22 viewing 8 team
2024-04-29 19:07:37,080 INFO routes.team_routes:22 viewing 8 team
2024-04-29 19:07:43,519 INFO routes.users:39 User [sam@gam.com] is signing in the system.
2024-04-29 19:07:43,797 WARN routes.users:48 	 User [sam@gam.com] signed in
2024-04-29 20:01:19,906 INFO run:24 Application starts up...
2024-04-29 20:03:13,022 INFO run:24 Application starts up...
2024-04-29 20:05:46,641 INFO routes.users:39 User [hleaders] is signing in the system.
2024-04-29 20:05:46,794 WARN routes.users:42 	 User [hleaders] not found
2024-04-29 20:06:05,338 INFO routes.users:21 User [python-web-dev@cs.uiowa.edu] is signing up.
2024-04-29 20:06:05,370 WARN routes.users:25 	 User [python-web-dev@cs.uiowa.edu] has already signed up.
2024-04-29 20:06:27,820 INFO routes.users:39 User [python-web-dev@cs.uiowa.edu] is signing in the system.
2024-04-29 20:06:28,136 WARN routes.users:48 	 User [python-web-dev@cs.uiowa.edu] signed in
2024-04-29 20:08:08,533 INFO run:24 Application starts up...
2024-04-29 20:10:02,790 INFO run:24 Application starts up...
2024-04-29 20:10:44,200 INFO run:24 Application starts up...
2024-04-29 20:12:25,362 INFO run:24 Application starts up...
2024-04-29 20:16:49,842 INFO routes.team_routes:22 viewing 8 team
2024-04-29 20:20:54,003 INFO run:24 Application starts up...
2024-04-29 20:22:10,326 INFO run:24 Application starts up...
2024-04-29 20:22:30,054 INFO run:24 Application starts up...
2024-04-29 20:23:31,681 INFO run:24 Application starts up...
2024-04-29 20:25:35,830 INFO routes.users:39 User [python-web-dev@cs.uiowa.edu] is signing in the system.
2024-04-29 20:25:36,314 WARN routes.users:48 	 User [python-web-dev@cs.uiowa.edu] signed in
2024-04-29 20:25:59,354 INFO routes.team_routes:71 User [python-web-dev@cs.uiowa.edu] is creating an team.
2024-04-29 20:25:59,394 INFO routes.player_routes:41 	 A new player #[663048a78fc9c9775504c003] created.
2024-04-29 20:25:59,520 INFO routes.player_routes:41 	 A new player #[663048a78fc9c9775504c004] created.
2024-04-29 20:25:59,621 INFO routes.player_routes:41 	 A new player #[663048a78fc9c9775504c005] created.
2024-04-29 20:25:59,725 INFO routes.player_routes:41 	 A new player #[663048a78fc9c9775504c006] created.
2024-04-29 20:25:59,833 INFO routes.team_routes:75 	 A new team #[663048a78fc9c9775504c007] created.
2024-04-29 20:26:12,831 INFO routes.team_routes:22 viewing 10 team
2024-04-29 20:27:34,180 INFO run:24 Application starts up...
2024-04-29 20:27:35,616 INFO routes.game_routes:38 User [python-web-dev@cs.uiowa.edu] is creating a game.
2024-04-29 20:27:35,698 INFO routes.game_routes:40 	 A new game #[6630490757ddf98a91bf1bc0] created.
2024-04-29 20:28:56,562 INFO run:24 Application starts up...
2024-04-29 20:30:11,485 INFO run:24 Application starts up...
2024-04-29 21:03:55,018 INFO run:24 Application starts up...
2024-04-29 21:09:09,755 INFO routes.team_routes:22 viewing 9 team
2024-04-29 21:09:17,330 INFO routes.team_routes:22 viewing 9 team
2024-04-29 21:16:38,252 INFO run:24 Application starts up...
2024-04-29 21:16:59,923 INFO routes.team_routes:22 viewing 9 team
2024-04-29 21:17:02,165 INFO routes.game_routes:18 viewing 1 games
2024-04-29 21:17:36,051 INFO routes.game_routes:18 viewing 1 games
2024-04-29 21:18:26,322 INFO routes.team_routes:22 viewing 9 team
2024-04-29 21:18:27,518 INFO routes.team_routes:22 viewing 9 team
2024-04-29 21:18:53,667 INFO routes.team_routes:22 viewing 9 team
2024-04-29 21:19:33,906 INFO routes.team_routes:22 viewing 9 team
2024-04-29 21:20:12,430 INFO routes.game_routes:18 viewing 1 games
2024-04-29 21:21:12,345 INFO routes.game_routes:18 viewing 1 games
2024-04-29 21:22:11,859 INFO routes.team_routes:22 viewing 9 team
2024-04-29 21:22:19,384 INFO routes.team_routes:28 viewing team #662bdddba6ab85aa2b221e7f details.
2024-04-29 21:22:20,244 INFO routes.team_routes:22 viewing 9 team
2024-04-29 21:23:23,888 INFO routes.team_routes:28 viewing team #662bdddba6ab85aa2b221e7f details.
2024-04-29 21:23:27,334 INFO routes.team_routes:22 viewing 9 team
2024-04-29 21:23:45,873 INFO routes.team_routes:28 viewing team #663048a78fc9c9775504c007 details.
2024-04-29 21:26:09,176 INFO routes.team_routes:22 viewing 9 team
2024-04-29 21:26:26,233 INFO routes.team_routes:28 viewing team #663048a78fc9c9775504c007 details.
2024-04-29 21:26:48,787 INFO routes.team_routes:92 User [sam@gam.com] is updating team #663048a78fc9c9775504c007.
2024-04-29 21:26:48,876 INFO routes.team_routes:110 	 Team #[663048a78fc9c9775504c007] is updated.
2024-04-29 21:27:02,291 INFO routes.team_routes:22 viewing 9 team
2024-04-29 21:28:00,148 INFO routes.team_routes:116 User [sam@gam.com] is deleting team #663048a78fc9c9775504c007.
2024-04-29 21:28:00,241 INFO routes.team_routes:133 	 Team #[663048a78fc9c9775504c007] is deleted.
2024-04-29 21:28:00,276 INFO routes.team_routes:22 viewing 8 team
2024-04-29 21:29:15,910 INFO routes.game_routes:18 viewing 1 games
2024-04-29 21:29:19,758 INFO routes.game_routes:18 viewing 1 games
2024-04-29 23:39:09,100 INFO run:24 Application starts up...
2024-04-29 23:39:33,361 INFO routes.team_routes:22 viewing 9 team
2024-04-29 23:39:36,335 INFO routes.team_routes:28 viewing team #663074e2261a698aecf10379 details.
2024-04-29 23:39:37,435 INFO routes.team_routes:22 viewing 9 team
2024-04-29 23:39:50,203 INFO routes.team_routes:71 User [samantha-pothitakis@uiowa.edu] is creating an team.
2024-04-29 23:39:50,260 INFO routes.player_routes:41 	 A new player #[66307616ecbeb1beb69aba9a] created.
2024-04-29 23:39:50,293 INFO routes.player_routes:41 	 A new player #[66307616ecbeb1beb69aba9b] created.
2024-04-29 23:39:50,329 INFO routes.player_routes:41 	 A new player #[66307616ecbeb1beb69aba9c] created.
2024-04-29 23:39:50,364 INFO routes.team_routes:75 	 A new team #[66307616ecbeb1beb69aba9d] created.
2024-04-29 23:39:50,407 INFO routes.team_routes:22 viewing 10 team
2024-04-29 23:40:05,221 INFO routes.team_routes:116 User [samantha-pothitakis@uiowa.edu] is deleting team #66307616ecbeb1beb69aba9d.
2024-04-29 23:40:05,321 INFO routes.team_routes:133 	 Team #[66307616ecbeb1beb69aba9d] is deleted.
2024-04-29 23:40:05,354 INFO routes.team_routes:22 viewing 9 team
2024-04-29 23:40:22,441 INFO routes.team_routes:71 User [samantha-pothitakis@uiowa.edu] is creating an team.
2024-04-29 23:40:22,481 INFO routes.player_routes:41 	 A new player #[66307636ecbeb1beb69aba9e] created.
2024-04-29 23:40:22,513 INFO routes.player_routes:41 	 A new player #[66307636ecbeb1beb69aba9f] created.
2024-04-29 23:40:22,544 INFO routes.player_routes:41 	 A new player #[66307636ecbeb1beb69abaa0] created.
2024-04-29 23:40:22,575 INFO routes.team_routes:75 	 A new team #[66307636ecbeb1beb69abaa1] created.
2024-04-29 23:40:22,612 INFO routes.team_routes:22 viewing 10 team
2024-04-29 23:40:26,157 INFO routes.team_routes:28 viewing team #66307636ecbeb1beb69abaa1 details.
2024-04-29 23:42:32,804 INFO routes.team_routes:28 viewing team #66307636ecbeb1beb69abaa1 details.
2024-04-29 23:42:37,087 INFO routes.team_routes:22 viewing 10 team
2024-04-29 23:42:40,149 INFO routes.team_routes:28 viewing team #662ee28ac6533bb325e2ff42 details.
2024-04-29 23:42:41,425 INFO routes.team_routes:22 viewing 10 team
2024-04-29 23:42:43,062 INFO routes.team_routes:28 viewing team #662ec68d1f8378bf0295eb34 details.
2024-04-29 23:42:48,035 INFO routes.team_routes:22 viewing 10 team
2024-04-29 23:42:49,294 INFO routes.team_routes:28 viewing team #66307636ecbeb1beb69abaa1 details.
2024-04-29 23:43:21,387 INFO routes.team_routes:92 User [samantha-pothitakis@uiowa.edu] is updating team #66307636ecbeb1beb69abaa1.
2024-04-29 23:43:21,498 INFO routes.team_routes:110 	 Team #[66307636ecbeb1beb69abaa1] is updated.
2024-04-29 23:43:27,908 INFO routes.team_routes:22 viewing 10 team
2024-04-29 23:44:20,680 INFO routes.team_routes:22 viewing 10 team
2024-04-29 23:44:32,831 INFO routes.team_routes:71 User [samantha-pothitakis@uiowa.edu] is creating an team.
2024-04-29 23:44:32,871 INFO routes.player_routes:41 	 A new player #[66307730ecbeb1beb69abaa2] created.
2024-04-29 23:44:32,902 INFO routes.player_routes:41 	 A new player #[66307730ecbeb1beb69abaa3] created.
2024-04-29 23:44:32,933 INFO routes.team_routes:75 	 A new team #[66307730ecbeb1beb69abaa4] created.
2024-04-29 23:44:32,970 INFO routes.team_routes:22 viewing 11 team
2024-04-29 23:44:57,499 INFO routes.team_routes:71 User [samantha-pothitakis@uiowa.edu] is creating an team.
2024-04-29 23:44:57,547 INFO routes.player_routes:41 	 A new player #[66307749ecbeb1beb69abaa5] created.
2024-04-29 23:44:57,580 INFO routes.player_routes:41 	 A new player #[66307749ecbeb1beb69abaa6] created.
2024-04-29 23:44:57,612 INFO routes.team_routes:75 	 A new team #[66307749ecbeb1beb69abaa7] created.
2024-04-29 23:44:57,650 INFO routes.team_routes:22 viewing 12 team
2024-04-29 23:49:04,902 INFO routes.team_routes:22 viewing 12 team
2024-04-29 23:49:06,858 INFO routes.team_routes:22 viewing 12 team
2024-04-29 23:49:15,075 INFO routes.team_routes:116 User [samantha-pothitakis@uiowa.edu] is deleting team #66307636ecbeb1beb69abaa1.
2024-04-29 23:49:15,174 INFO routes.team_routes:133 	 Team #[66307636ecbeb1beb69abaa1] is deleted.
2024-04-29 23:49:15,212 INFO routes.team_routes:22 viewing 11 team
2024-04-29 23:49:15,490 INFO routes.team_routes:116 User [samantha-pothitakis@uiowa.edu] is deleting team #66307730ecbeb1beb69abaa4.
2024-04-29 23:49:15,590 INFO routes.team_routes:133 	 Team #[66307730ecbeb1beb69abaa4] is deleted.
2024-04-29 23:49:15,629 INFO routes.team_routes:22 viewing 10 team
2024-04-29 23:49:16,093 INFO routes.team_routes:116 User [samantha-pothitakis@uiowa.edu] is deleting team #66307749ecbeb1beb69abaa7.
2024-04-29 23:49:16,186 INFO routes.team_routes:133 	 Team #[66307749ecbeb1beb69abaa7] is deleted.
2024-04-29 23:49:16,224 INFO routes.team_routes:22 viewing 9 team
2024-04-29 23:49:29,200 INFO routes.team_routes:71 User [samantha-pothitakis@uiowa.edu] is creating an team.
2024-04-29 23:49:29,258 INFO routes.player_routes:41 	 A new player #[66307859ecbeb1beb69abaa8] created.
2024-04-29 23:49:29,293 INFO routes.player_routes:41 	 A new player #[66307859ecbeb1beb69abaa9] created.
2024-04-29 23:49:29,326 INFO routes.team_routes:75 	 A new team #[66307859ecbeb1beb69abaaa] created.
2024-04-29 23:49:29,367 INFO routes.team_routes:22 viewing 10 team
2024-04-29 23:50:22,877 INFO routes.team_routes:22 viewing 11 team
2024-04-29 23:50:26,792 INFO routes.team_routes:28 viewing team #663074e2261a698aecf10379 details.
2024-04-29 23:50:27,752 INFO routes.team_routes:22 viewing 11 team
2024-04-29 23:50:28,994 INFO routes.team_routes:116 User [samantha-pothitakis@uiowa.edu] is deleting team #66307859ecbeb1beb69abaaa.
2024-04-29 23:50:29,091 INFO routes.team_routes:133 	 Team #[66307859ecbeb1beb69abaaa] is deleted.
2024-04-29 23:50:29,124 INFO routes.team_routes:22 viewing 10 team
2024-04-29 23:50:58,193 INFO routes.team_routes:71 User [samantha-pothitakis@uiowa.edu] is creating an team.
2024-04-29 23:50:58,230 INFO routes.player_routes:41 	 A new player #[663078b2ecbeb1beb69abaab] created.
2024-04-29 23:50:58,262 INFO routes.player_routes:41 	 A new player #[663078b2ecbeb1beb69abaac] created.
2024-04-29 23:50:58,297 INFO routes.team_routes:75 	 A new team #[663078b2ecbeb1beb69abaad] created.
2024-04-29 23:50:58,335 INFO routes.team_routes:22 viewing 11 team
2024-04-29 23:51:06,343 INFO routes.team_routes:28 viewing team #663078b2ecbeb1beb69abaad details.
2024-04-29 23:52:05,011 INFO routes.team_routes:92 User [samantha-pothitakis@uiowa.edu] is updating team #663078b2ecbeb1beb69abaad.
2024-04-29 23:52:05,122 INFO routes.team_routes:110 	 Team #[663078b2ecbeb1beb69abaad] is updated.
2024-04-29 23:52:11,880 INFO routes.team_routes:22 viewing 11 team
2024-04-29 23:53:47,885 INFO routes.team_routes:22 viewing 11 team
2024-04-29 23:53:59,126 INFO routes.team_routes:22 viewing 11 team
2024-04-29 23:54:06,847 INFO routes.team_routes:22 viewing 11 team
2024-04-29 23:54:12,515 INFO routes.team_routes:22 viewing 11 team
2024-04-29 23:54:28,854 INFO routes.team_routes:22 viewing 11 team
2024-04-29 23:55:25,878 INFO routes.team_routes:22 viewing 11 team
2024-04-29 23:55:36,340 INFO routes.team_routes:22 viewing 11 team
2024-04-29 23:55:44,640 INFO routes.team_routes:22 viewing 11 team
2024-04-29 23:56:06,780 INFO routes.team_routes:116 User [samantha-pothitakis@uiowa.edu] is deleting team #663078b2ecbeb1beb69abaad.
2024-04-29 23:56:06,874 INFO routes.team_routes:133 	 Team #[663078b2ecbeb1beb69abaad] is deleted.
2024-04-29 23:56:06,907 INFO routes.team_routes:22 viewing 10 team
2024-04-29 23:56:31,324 INFO routes.team_routes:22 viewing 0 team
2024-04-29 23:56:52,350 INFO routes.team_routes:71 User [samantha-pothitakis@uiowa.edu] is creating an team.
2024-04-29 23:56:52,403 INFO routes.player_routes:41 	 A new player #[66307a14ecbeb1beb69abaae] created.
2024-04-29 23:56:52,436 INFO routes.player_routes:41 	 A new player #[66307a14ecbeb1beb69abaaf] created.
2024-04-29 23:56:52,469 INFO routes.team_routes:75 	 A new team #[66307a14ecbeb1beb69abab0] created.
2024-04-29 23:56:52,521 INFO routes.team_routes:22 viewing 1 team
2024-04-29 23:56:54,463 INFO routes.team_routes:28 viewing team #66307a14ecbeb1beb69abab0 details.
2024-04-29 23:57:05,518 INFO routes.team_routes:22 viewing 1 team
2024-04-29 23:57:42,887 INFO routes.team_routes:22 viewing 1 team
2024-04-29 23:57:44,432 INFO routes.team_routes:28 viewing team #66307a14ecbeb1beb69abab0 details.
2024-04-29 23:57:49,097 INFO routes.team_routes:28 viewing team #66307a14ecbeb1beb69abab0 details.
2024-04-29 23:58:27,818 INFO routes.team_routes:28 viewing team #66307a14ecbeb1beb69abab0 details.
2024-04-29 23:58:29,886 INFO routes.team_routes:28 viewing team #66307a14ecbeb1beb69abab0 details.
2024-04-29 23:58:44,424 INFO routes.team_routes:22 viewing 1 team
2024-04-29 23:58:51,706 INFO routes.team_routes:28 viewing team #66307a14ecbeb1beb69abab0 details.
