2024-04-28 16:50:50,107 INFO run:24 Application starts up...
2024-04-28 16:58:37,395 INFO app.routes.player_routes:41 	 A new player #[662ec68d1f8378bf0295eb30] created.
2024-04-28 16:58:37,486 INFO app.routes.player_routes:41 	 A new player #[662ec68d1f8378bf0295eb31] created.
2024-04-28 16:58:37,582 INFO app.routes.player_routes:41 	 A new player #[662ec68d1f8378bf0295eb32] created.
2024-04-28 16:58:37,687 INFO app.routes.player_routes:41 	 A new player #[662ec68d1f8378bf0295eb33] created.
2024-04-28 16:58:37,899 INFO app.routes.team_routes:42 	 A new team #[662ec68d1f8378bf0295eb34] created.
2024-04-28 16:59:41,572 INFO run:24 Application starts up...
2024-04-28 17:26:59,957 INFO run:24 Application starts up...
2024-04-28 17:27:40,955 INFO app.routes.team_routes:21 viewing 6 team
2024-04-28 17:27:46,332 INFO app.routes.team_routes:40 Viewing team #662bdddba6ab85aa2b221e7f details.
2024-04-28 17:27:49,841 INFO app.routes.team_routes:27 viewing team #662bdddba6ab85aa2b221e7f details.
2024-04-28 17:28:35,249 INFO run:24 Application starts up...
2024-04-28 17:28:45,330 INFO app.routes.team_routes:27 viewing team #662bdddba6ab85aa2b221e7f details.
2024-04-28 17:28:48,573 INFO app.routes.team_routes:40 Viewing team #662bdddba6ab85aa2b221e7f details.
2024-04-28 17:29:21,864 INFO run:24 Application starts up...
2024-04-28 18:14:46,024 INFO run:24 Application starts up...
2024-04-28 18:15:14,733 INFO run:24 Application starts up...
2024-04-28 18:15:22,542 INFO app.routes.team_routes:27 viewing team #662bdddba6ab85aa2b221e7f details.
2024-04-28 18:15:22,589 INFO app.routes.team_routes:40 Exporting team #662bdddba6ab85aa2b221e7f details as CSV.
2024-04-28 18:15:37,422 INFO app.routes.team_routes:27 viewing team #662bdddba6ab85aa2b221e7f details.
2024-04-28 18:15:37,461 INFO app.routes.team_routes:40 Exporting team #662bdddba6ab85aa2b221e7f details as CSV.
2024-04-28 18:15:48,715 INFO app.routes.team_routes:27 viewing team #662bdddba6ab85aa2b221e7f details.
2024-04-28 18:15:52,171 INFO app.routes.team_routes:27 viewing team #662bdddba6ab85aa2b221e7f details.
2024-04-28 18:15:52,214 INFO app.routes.team_routes:40 Exporting team #662bdddba6ab85aa2b221e7f details as CSV.
2024-04-28 18:16:30,783 INFO app.routes.team_routes:27 viewing team #662bdddba6ab85aa2b221e7f details.
2024-04-28 18:16:41,872 INFO app.routes.team_routes:27 viewing team #662bdddba6ab85aa2b221e7f details.
2024-04-28 18:17:12,469 INFO app.routes.team_routes:27 viewing team #662bdddba6ab85aa2b221e7f details.
2024-04-28 18:17:12,504 INFO app.routes.team_routes:40 Exporting team #662bdddba6ab85aa2b221e7f details as CSV.
2024-04-28 18:19:23,101 INFO run:24 Application starts up...
2024-04-28 18:19:27,329 INFO app.routes.team_routes:28 viewing team #662bdddba6ab85aa2b221e7f details.
2024-04-28 18:19:27,381 INFO app.routes.team_routes:41 Exporting team #662bdddba6ab85aa2b221e7f details as CSV.
2024-04-28 18:20:11,956 INFO run:24 Application starts up...
2024-04-28 18:20:18,902 INFO app.routes.team_routes:28 viewing team #662bdddba6ab85aa2b221e7f details.
2024-04-28 18:20:19,034 INFO app.routes.team_routes:41 Exporting team #662bdddba6ab85aa2b221e7f details as CSV.
2024-04-28 18:26:58,056 INFO run:24 Application starts up...
2024-04-28 18:32:13,240 INFO run:24 Application starts up...
2024-04-28 18:51:36,397 INFO app.routes.users:39 User [python-web-dev@cs.uiowa.edu] is signing in the system.
2024-04-28 18:51:36,996 WARN app.routes.users:48 	 User [python-web-dev@cs.uiowa.edu] signed in
2024-04-28 18:52:35,790 INFO run:24 Application starts up...
2024-04-28 18:52:41,116 INFO app.routes.users:39 User [python-web-dev@cs.uiowa.edu] is signing in the system.
2024-04-28 18:52:41,479 WARN app.routes.users:48 	 User [python-web-dev@cs.uiowa.edu] signed in
2024-04-28 18:54:49,875 INFO run:24 Application starts up...
2024-04-28 18:57:51,025 INFO app.routes.team_routes:71 User [python-web-dev@cs.uiowa.edu] is creating an team.
2024-04-28 18:57:51,076 INFO app.routes.player_routes:41 	 A new player #[662ee27fc6533bb325e2ff39] created.
2024-04-28 18:57:51,364 INFO app.routes.player_routes:41 	 A new player #[662ee27fc6533bb325e2ff3a] created.
2024-04-28 18:57:51,396 INFO app.routes.player_routes:41 	 A new player #[662ee27fc6533bb325e2ff3b] created.
2024-04-28 18:57:51,679 INFO app.routes.player_routes:41 	 A new player #[662ee27fc6533bb325e2ff3c] created.
2024-04-28 18:57:51,760 INFO app.routes.team_routes:75 	 A new team #[662ee27fc6533bb325e2ff3d] created.
2024-04-28 18:58:01,569 INFO app.routes.team_routes:71 User [python-web-dev@cs.uiowa.edu] is creating an team.
2024-04-28 18:58:01,601 INFO app.routes.player_routes:41 	 A new player #[662ee289c6533bb325e2ff3e] created.
2024-04-28 18:58:01,885 INFO app.routes.player_routes:41 	 A new player #[662ee289c6533bb325e2ff3f] created.
2024-04-28 18:58:01,915 INFO app.routes.player_routes:41 	 A new player #[662ee289c6533bb325e2ff40] created.
2024-04-28 18:58:02,102 INFO app.routes.player_routes:41 	 A new player #[662ee289c6533bb325e2ff41] created.
2024-04-28 18:58:02,308 INFO app.routes.team_routes:75 	 A new team #[662ee28ac6533bb325e2ff42] created.
2024-04-28 19:01:17,092 INFO app.routes.users:39 User [python-web-dev@cs.uiowa.edu] is signing in the system.
2024-04-28 19:01:17,453 WARN app.routes.users:48 	 User [python-web-dev@cs.uiowa.edu] signed in
2024-04-28 19:01:18,668 INFO app.routes.users:39 User [python-web-dev@cs.uiowa.edu] is signing in the system.
2024-04-28 19:01:19,045 WARN app.routes.users:48 	 User [python-web-dev@cs.uiowa.edu] signed in
2024-04-28 19:01:20,365 INFO app.routes.users:39 User [python-web-dev@cs.uiowa.edu] is signing in the system.
2024-04-28 19:01:20,948 WARN app.routes.users:48 	 User [python-web-dev@cs.uiowa.edu] signed in
2024-04-28 19:01:51,493 INFO app.routes.users:39 User [python-web-dev@cs.uiowa.edu] is signing in the system.
2024-04-28 19:01:51,808 WARN app.routes.users:48 	 User [python-web-dev@cs.uiowa.edu] signed in
2024-04-28 21:19:11,996 INFO run:24 Application starts up...
2024-04-28 21:19:26,574 INFO routes.team_routes:22 viewing 8 team
