2024-04-28 16:50:50,107 INFO run:24 Application starts up...
2024-04-28 16:58:37,395 INFO app.routes.player_routes:41 	 A new player #[662ec68d1f8378bf0295eb30] created.
2024-04-28 16:58:37,486 INFO app.routes.player_routes:41 	 A new player #[662ec68d1f8378bf0295eb31] created.
2024-04-28 16:58:37,582 INFO app.routes.player_routes:41 	 A new player #[662ec68d1f8378bf0295eb32] created.
2024-04-28 16:58:37,687 INFO app.routes.player_routes:41 	 A new player #[662ec68d1f8378bf0295eb33] created.
2024-04-28 16:58:37,899 INFO app.routes.team_routes:42 	 A new team #[662ec68d1f8378bf0295eb34] created.
2024-04-28 16:59:41,572 INFO run:24 Application starts up...
2024-04-28 17:26:59,957 INFO run:24 Application starts up...
2024-04-28 17:27:40,955 INFO app.routes.team_routes:21 viewing 6 team
2024-04-28 17:27:46,332 INFO app.routes.team_routes:40 Viewing team #662bdddba6ab85aa2b221e7f details.
2024-04-28 17:27:49,841 INFO app.routes.team_routes:27 viewing team #662bdddba6ab85aa2b221e7f details.
2024-04-28 17:28:35,249 INFO run:24 Application starts up...
2024-04-28 17:28:45,330 INFO app.routes.team_routes:27 viewing team #662bdddba6ab85aa2b221e7f details.
2024-04-28 17:28:48,573 INFO app.routes.team_routes:40 Viewing team #662bdddba6ab85aa2b221e7f details.
2024-04-28 17:29:21,864 INFO run:24 Application starts up...
2024-04-28 19:02:19,688 INFO run:24 Application starts up...
2024-04-28 19:02:22,062 INFO app.routes.game_routes:18 viewing 0 games
2024-04-28 19:10:48,306 INFO run:24 Application starts up...
2024-04-28 19:10:50,996 INFO app.routes.team_routes:22 viewing 8 team
2024-04-28 19:22:24,303 INFO run:24 Application starts up...
2024-04-28 19:22:29,006 INFO app.routes.team_routes:22 viewing 8 team
2024-04-28 19:36:44,698 INFO app.routes.team_routes:22 viewing 8 team
