2024-04-28 16:25:01,755 INFO main:21 Application starts up...
2024-04-28 16:27:07,656 INFO main:21 Application starts up...
2024-04-28 16:30:49,502 INFO main:21 Application starts up...
2024-04-28 16:36:23,753 INFO main:21 Application starts up...
2024-04-28 16:37:19,056 INFO main:21 Application starts up...
2024-04-28 16:37:26,258 INFO main:21 Application starts up...
2024-04-28 16:38:51,479 INFO main:21 Application starts up...
2024-04-28 16:40:46,940 INFO main:21 Application starts up...
2024-04-28 16:44:44,837 INFO main:21 Application starts up...
2024-04-28 16:46:37,866 INFO main:21 Application starts up...
2024-04-28 16:46:40,135 INFO routes.events:18 viewing 0 events
2024-04-28 16:47:03,344 INFO routes.events:18 viewing 0 events
2024-04-29 13:32:07,985 INFO main:21 Application starts up...
2024-04-29 13:32:31,405 INFO routes.events:18 viewing 1 events
2024-04-29 13:32:39,795 INFO routes.users:39 User [samantha-pothitakis@uiowa.edu] is signing in the system.
2024-04-29 13:37:40,680 INFO routes.events:18 viewing 1 events
2024-04-29 13:37:43,423 INFO routes.events:24 viewing event #662eec6013c6ddbde940f1dc details.
2024-04-29 13:37:45,761 INFO routes.events:18 viewing 1 events
2024-04-29 13:38:01,748 INFO routes.events:18 viewing 1 events
2024-04-29 13:38:19,666 INFO routes.events:18 viewing 1 events
2024-04-29 13:39:12,163 INFO routes.users:21 User [samantha@gmail.com] is signing up.
2024-04-29 13:39:12,400 INFO routes.users:33 	 User [samantha@gmail.com] is created.
2024-04-29 13:39:20,082 INFO routes.users:39 User [samantha@gmail.com] is signing in the system.
2024-04-29 13:39:20,311 WARN routes.users:48 	 User [samantha@gmail.com] signed in
2024-04-29 13:39:22,067 INFO routes.events:18 viewing 1 events
2024-04-29 13:39:32,022 INFO routes.events:38 User [samantha@gmail.com] is creating an event.
2024-04-29 13:39:32,024 INFO routes.events:40 	 A new event #[662fe96438be56beadd2153a] created.
2024-04-29 13:39:32,039 INFO routes.events:18 viewing 2 events
2024-04-29 13:39:33,937 INFO routes.events:24 viewing event #662fe96438be56beadd2153a details.
2024-04-29 13:40:13,758 INFO routes.events:24 viewing event #662fe96438be56beadd2153a details.
2024-04-29 13:40:15,486 INFO routes.events:18 viewing 2 events
2024-04-29 13:40:17,320 INFO routes.events:24 viewing event #662eec6013c6ddbde940f1dc details.
2024-04-29 13:40:18,075 INFO routes.events:18 viewing 2 events
2024-04-29 13:40:18,842 INFO routes.events:24 viewing event #662fe96438be56beadd2153a details.
2024-04-29 13:40:22,408 INFO routes.events:18 viewing 2 events
2024-04-29 13:40:53,382 INFO routes.events:24 viewing event #662fe96438be56beadd2153a details.
2024-04-29 13:41:46,213 INFO routes.events:24 viewing event #662fe96438be56beadd2153a details.
2024-04-29 13:41:51,104 INFO routes.events:24 viewing event #662fe96438be56beadd2153a details.
2024-04-29 13:41:52,254 INFO routes.events:18 viewing 2 events
2024-04-29 13:41:53,259 INFO routes.events:24 viewing event #662fe96438be56beadd2153a details.
2024-04-29 13:42:23,698 INFO routes.events:24 viewing event #662fe96438be56beadd2153a details.
2024-04-29 13:42:37,664 INFO routes.events:24 viewing event #662fe96438be56beadd2153a details.
2024-04-29 13:42:50,257 INFO routes.events:18 viewing 2 events
2024-04-29 13:42:51,455 INFO routes.events:24 viewing event #662fe96438be56beadd2153a details.
2024-04-29 13:42:52,702 INFO routes.events:18 viewing 2 events
2024-04-29 13:43:31,787 INFO routes.events:18 viewing 2 events
2024-04-29 13:43:33,942 INFO routes.events:24 viewing event #662fe96438be56beadd2153a details.
2024-04-29 13:43:40,926 INFO routes.events:18 viewing 2 events
2024-04-29 13:43:48,260 INFO routes.events:38 User [samantha@gmail.com] is creating an event.
2024-04-29 13:43:48,263 INFO routes.events:40 	 A new event #[662fea6438be56beadd2153b] created.
2024-04-29 13:43:48,273 INFO routes.events:18 viewing 3 events
2024-04-29 13:43:53,740 INFO routes.events:24 viewing event #662fea6438be56beadd2153b details.
2024-04-29 13:43:55,188 INFO routes.events:18 viewing 3 events
2024-04-29 13:44:31,641 INFO routes.events:18 viewing 3 events
2024-04-29 13:44:35,230 INFO routes.events:24 viewing event #662fea6438be56beadd2153b details.
2024-04-29 13:44:36,878 INFO routes.events:18 viewing 3 events
2024-04-29 13:44:55,822 INFO routes.events:38 User [samantha@gmail.com] is creating an event.
2024-04-29 13:44:55,824 INFO routes.events:40 	 A new event #[662feaa738be56beadd2153c] created.
2024-04-29 13:44:55,838 INFO routes.events:18 viewing 4 events
2024-04-29 13:45:00,290 INFO routes.events:24 viewing event #662feaa738be56beadd2153c details.
2024-04-29 13:45:01,650 INFO routes.events:18 viewing 4 events
2024-04-29 13:47:03,904 INFO main:21 Application starts up...
2024-04-29 13:47:10,618 INFO routes.events:24 viewing event #662feaa738be56beadd2153c details.
2024-04-29 13:47:15,299 INFO routes.events:48 User [samantha@gmail.com] is updating event #662feaa738be56beadd2153c.
2024-04-29 13:47:15,312 INFO routes.events:66 	 Event #[662feaa738be56beadd2153c] is updated.
2024-04-29 13:47:17,465 INFO routes.events:18 viewing 4 events
2024-04-29 13:47:20,319 INFO routes.events:18 viewing 4 events
2024-04-29 13:47:37,590 INFO routes.events:38 User [samantha@gmail.com] is creating an event.
2024-04-29 13:47:37,596 INFO routes.events:40 	 A new event #[662feb496d196dc77dd76861] created.
2024-04-29 13:47:37,611 INFO routes.events:18 viewing 5 events
2024-04-29 13:49:36,794 INFO main:21 Application starts up...
2024-04-29 13:49:44,141 INFO main:21 Application starts up...
2024-04-29 13:49:48,104 INFO main:21 Application starts up...
2024-04-29 13:49:52,831 INFO main:21 Application starts up...
2024-04-29 13:50:29,905 INFO routes.events:38 User [samantha@gmail.com] is creating an event.
2024-04-29 13:50:29,914 INFO routes.events:40 	 A new event #[662febf5c767129ffc2fc252] created.
2024-04-29 13:50:29,932 INFO routes.events:18 viewing 6 events
2024-04-29 13:55:55,737 INFO routes.events:18 viewing 6 events
2024-04-29 13:56:27,735 INFO routes.events:18 viewing 6 events
2024-04-29 13:56:47,684 INFO routes.events:18 viewing 6 events
2024-04-29 13:58:45,219 INFO routes.events:18 viewing 6 events
2024-04-29 14:11:28,175 INFO routes.events:18 viewing 6 events
2024-04-29 14:11:40,389 INFO routes.events:38 User [samantha@gmail.com] is creating an event.
2024-04-29 14:11:40,392 INFO routes.events:40 	 A new event #[662ff0ecc767129ffc2fc253] created.
2024-04-29 14:11:40,406 INFO routes.events:18 viewing 7 events
2024-04-29 15:33:02,992 INFO main:21 Application starts up...
2024-04-29 15:33:37,239 INFO routes.events:18 viewing 7 events
2024-04-29 15:33:56,923 INFO routes.events:24 viewing event #662febf5c767129ffc2fc252 details.
2024-04-29 15:34:13,996 INFO routes.events:18 viewing 7 events
2024-04-29 15:35:13,757 INFO routes.users:39 User [samantha@gmail.com] is signing in the system.
2024-04-29 15:35:14,012 WARN routes.users:48 	 User [samantha@gmail.com] signed in
2024-04-29 15:35:15,444 INFO routes.events:18 viewing 7 events
2024-04-29 15:35:16,455 INFO routes.events:72 User [samantha@gmail.com] is deleting event #662feb496d196dc77dd76861.
2024-04-29 15:35:16,462 INFO routes.events:89 	 Event #[662feb496d196dc77dd76861] is deleted.
2024-04-29 15:35:16,470 INFO routes.events:18 viewing 6 events
2024-04-29 15:36:31,518 INFO routes.events:72 User [samantha@gmail.com] is deleting event #662fe96438be56beadd2153a.
2024-04-29 15:36:31,520 INFO routes.events:89 	 Event #[662fe96438be56beadd2153a] is deleted.
2024-04-29 15:36:31,526 INFO routes.events:18 viewing 5 events
2024-04-29 15:36:32,324 INFO routes.events:72 User [samantha@gmail.com] is deleting event #662fea6438be56beadd2153b.
2024-04-29 15:36:32,327 INFO routes.events:89 	 Event #[662fea6438be56beadd2153b] is deleted.
2024-04-29 15:36:32,332 INFO routes.events:18 viewing 4 events
2024-04-29 15:36:32,644 INFO routes.events:72 User [samantha@gmail.com] is deleting event #662feaa738be56beadd2153c.
2024-04-29 15:36:32,647 INFO routes.events:89 	 Event #[662feaa738be56beadd2153c] is deleted.
2024-04-29 15:36:32,652 INFO routes.events:18 viewing 3 events
2024-04-29 15:36:32,996 INFO routes.events:72 User [samantha@gmail.com] is deleting event #662febf5c767129ffc2fc252.
2024-04-29 15:36:32,999 INFO routes.events:89 	 Event #[662febf5c767129ffc2fc252] is deleted.
2024-04-29 15:36:33,004 INFO routes.events:18 viewing 2 events
2024-04-29 15:36:34,371 INFO routes.events:24 viewing event #662eec6013c6ddbde940f1dc details.
2024-04-29 15:36:35,982 INFO routes.events:18 viewing 2 events
2024-04-29 15:37:52,658 INFO routes.events:18 viewing 2 events
2024-04-29 15:43:49,738 INFO main:21 Application starts up...
2024-04-29 15:44:54,260 INFO routes.events:18 viewing 2 events
2024-04-29 15:45:11,210 INFO routes.events:38 User [samantha@gmail.com] is creating an event.
2024-04-29 15:45:11,213 INFO routes.events:40 	 A new event #[663006d708da2f19a6767917] created.
2024-04-29 15:45:11,226 INFO routes.events:18 viewing 3 events
2024-04-29 15:45:17,148 INFO routes.events:24 viewing event #663006d708da2f19a6767917 details.
2024-04-29 15:45:22,738 INFO routes.events:48 User [samantha@gmail.com] is updating event #663006d708da2f19a6767917.
2024-04-29 15:45:22,742 INFO routes.events:66 	 Event #[663006d708da2f19a6767917] is updated.
2024-04-29 15:45:25,805 INFO routes.events:48 User [samantha@gmail.com] is updating event #663006d708da2f19a6767917.
2024-04-29 15:45:25,810 INFO routes.events:66 	 Event #[663006d708da2f19a6767917] is updated.
2024-04-29 15:45:27,430 INFO routes.events:18 viewing 3 events
2024-04-29 15:46:52,695 INFO main:21 Application starts up...
2024-04-29 15:47:33,345 INFO routes.events:18 viewing 3 events
2024-04-29 15:47:40,640 INFO routes.events:18 viewing 3 events
2024-04-29 15:47:45,628 INFO routes.events:18 viewing 3 events
2024-04-29 15:47:55,804 INFO routes.events:72 User [samantha@gmail.com] is deleting event #662ff0ecc767129ffc2fc253.
2024-04-29 15:47:55,808 INFO routes.events:89 	 Event #[662ff0ecc767129ffc2fc253] is deleted.
2024-04-29 15:47:55,813 INFO routes.events:18 viewing 2 events
2024-04-29 15:47:56,437 INFO routes.events:72 User [samantha@gmail.com] is deleting event #663006d708da2f19a6767917.
2024-04-29 15:47:56,441 INFO routes.events:89 	 Event #[663006d708da2f19a6767917] is deleted.
2024-04-29 15:47:56,464 INFO routes.events:18 viewing 1 events
2024-04-29 15:48:25,517 INFO routes.events:38 User [samantha@gmail.com] is creating an event.
2024-04-29 15:48:25,518 INFO routes.events:40 	 A new event #[66300799087896338c6125d1] created.
2024-04-29 15:48:25,532 INFO routes.events:18 viewing 2 events
2024-04-29 15:48:27,713 INFO routes.events:24 viewing event #66300799087896338c6125d1 details.
2024-04-29 15:48:59,737 INFO routes.events:18 viewing 2 events
2024-04-29 15:52:31,380 INFO main:21 Application starts up...
2024-04-29 15:53:26,296 INFO routes.events:18 viewing 2 events
2024-04-29 15:54:12,337 INFO routes.events:38 User [samantha@gmail.com] is creating an event.
2024-04-29 15:54:12,339 INFO routes.events:40 	 A new event #[663008f491fbc8dd2dc721a8] created.
2024-04-29 15:54:12,355 INFO routes.events:18 viewing 3 events
2024-04-29 15:54:15,706 INFO routes.events:24 viewing event #663008f491fbc8dd2dc721a8 details.
2024-04-29 15:54:24,329 INFO routes.events:48 User [samantha@gmail.com] is updating event #663008f491fbc8dd2dc721a8.
2024-04-29 15:54:24,334 INFO routes.events:66 	 Event #[663008f491fbc8dd2dc721a8] is updated.
2024-04-29 15:54:27,458 INFO routes.events:18 viewing 3 events
2024-04-29 15:54:57,708 INFO routes.events:18 viewing 3 events
2024-04-29 15:55:03,415 INFO main:21 Application starts up...
2024-04-29 15:55:05,841 INFO main:21 Application starts up...
2024-04-29 15:55:11,933 INFO main:21 Application starts up...
2024-04-29 15:55:24,709 INFO routes.events:18 viewing 3 events
2024-04-29 15:55:27,649 INFO routes.events:18 viewing 3 events
2024-04-29 15:55:40,282 INFO routes.events:18 viewing 3 events
2024-04-29 16:03:46,072 INFO routes.events:18 viewing 3 events
2024-04-29 16:04:23,314 INFO routes.events:18 viewing 3 events
2024-04-29 16:07:33,707 INFO routes.events:18 viewing 3 events
2024-04-29 16:07:52,636 INFO routes.events:18 viewing 3 events
2024-04-29 16:08:19,692 INFO routes.events:18 viewing 3 events
2024-04-29 16:08:23,138 INFO routes.events:18 viewing 3 events
2024-04-29 16:27:10,887 INFO routes.events:18 viewing 3 events
2024-04-29 16:27:57,513 INFO routes.events:18 viewing 3 events
2024-04-29 16:32:04,218 INFO routes.events:18 viewing 3 events
2024-04-29 18:04:08,634 INFO main:21 Application starts up...
2024-04-29 18:04:32,045 INFO main:21 Application starts up...
2024-04-29 18:05:11,655 INFO main:21 Application starts up...
2024-04-29 18:06:42,629 INFO main:21 Application starts up...
2024-04-29 18:07:23,560 INFO main:21 Application starts up...
2024-04-29 18:09:07,723 INFO main:21 Application starts up...
2024-04-29 18:10:34,563 INFO main:21 Application starts up...
2024-04-29 18:17:30,347 INFO main:21 Application starts up...
2024-04-29 18:19:09,874 INFO routes.events:18 viewing 0 events
2024-04-29 18:19:19,692 INFO routes.users:21 User [sam@gmail.com] is signing up.
2024-04-29 18:19:20,066 INFO routes.users:33 	 User [sam@gmail.com] is created.
2024-04-29 18:23:52,242 INFO main:21 Application starts up...
2024-04-29 18:24:03,369 INFO routes.users:21 User [sam@gam.com] is signing up.
2024-04-29 18:24:03,736 INFO routes.users:33 	 User [sam@gam.com] is created.
2024-04-29 18:24:41,840 INFO routes.users:39 User [sam@gam.com] is signing in the system.
2024-04-29 18:24:42,114 WARN routes.users:48 	 User [sam@gam.com] signed in
